2025-01-08T16:45:23.921Z [ERROR]: Login error: Error: SQLITE_ERROR: no such table: users
--> in Database#get('SELECT * FROM users WHERE username = ?', [ 'admin' ], [Function (anonymous)])
    at user (/Users/dimsum/Library/Mobile Documents/com~apple~CloudDocs/projects/redteam/server/index.js:72:10)
    at new Promise (<anonymous>)
    at /Users/dimsum/Library/Mobile Documents/com~apple~CloudDocs/projects/redteam/server/index.js:71:24
    at Layer.handle [as handle_request] (/Users/dimsum/Library/Mobile Documents/com~apple~CloudDocs/projects/redteam/node_modules/express/lib/router/layer.js:95:5)
    at next (/Users/dimsum/Library/Mobile Documents/com~apple~CloudDocs/projects/redteam/node_modules/express/lib/router/route.js:149:13)
    at Route.dispatch (/Users/dimsum/Library/Mobile Documents/com~apple~CloudDocs/projects/redteam/node_modules/express/lib/router/route.js:119:3)
    at Layer.handle [as handle_request] (/Users/dimsum/Library/Mobile Documents/com~apple~CloudDocs/projects/redteam/node_modules/express/lib/router/layer.js:95:5)
    at /Users/dimsum/Library/Mobile Documents/com~apple~CloudDocs/projects/redteam/node_modules/express/lib/router/index.js:284:15
    at Function.process_params (/Users/dimsum/Library/Mobile Documents/com~apple~CloudDocs/projects/redteam/node_modules/express/lib/router/index.js:346:12)
2025-01-08T16:45:27.716Z [ERROR]: Login error: Error: SQLITE_ERROR: no such table: users
--> in Database#get('SELECT * FROM users WHERE username = ?', [ 'admin' ], [Function (anonymous)])
    at user (/Users/dimsum/Library/Mobile Documents/com~apple~CloudDocs/projects/redteam/server/index.js:72:10)
    at new Promise (<anonymous>)
    at /Users/dimsum/Library/Mobile Documents/com~apple~CloudDocs/projects/redteam/server/index.js:71:24
    at Layer.handle [as handle_request] (/Users/dimsum/Library/Mobile Documents/com~apple~CloudDocs/projects/redteam/node_modules/express/lib/router/layer.js:95:5)
    at next (/Users/dimsum/Library/Mobile Documents/com~apple~CloudDocs/projects/redteam/node_modules/express/lib/router/route.js:149:13)
    at Route.dispatch (/Users/dimsum/Library/Mobile Documents/com~apple~CloudDocs/projects/redteam/node_modules/express/lib/router/route.js:119:3)
    at Layer.handle [as handle_request] (/Users/dimsum/Library/Mobile Documents/com~apple~CloudDocs/projects/redteam/node_modules/express/lib/router/layer.js:95:5)
    at /Users/dimsum/Library/Mobile Documents/com~apple~CloudDocs/projects/redteam/node_modules/express/lib/router/index.js:284:15
    at Function.process_params (/Users/dimsum/Library/Mobile Documents/com~apple~CloudDocs/projects/redteam/node_modules/express/lib/router/index.js:346:12)
2025-01-08T16:47:06.676Z [ERROR]: Login error: Error: SQLITE_ERROR: no such table: users
--> in Database#get('SELECT * FROM users WHERE username = ?', [ 'admin' ], [Function (anonymous)])
    at user (/Users/dimsum/Library/Mobile Documents/com~apple~CloudDocs/projects/redteam/server/index.js:72:10)
    at new Promise (<anonymous>)
    at /Users/dimsum/Library/Mobile Documents/com~apple~CloudDocs/projects/redteam/server/index.js:71:24
    at Layer.handle [as handle_request] (/Users/dimsum/Library/Mobile Documents/com~apple~CloudDocs/projects/redteam/node_modules/express/lib/router/layer.js:95:5)
    at next (/Users/dimsum/Library/Mobile Documents/com~apple~CloudDocs/projects/redteam/node_modules/express/lib/router/route.js:149:13)
    at Route.dispatch (/Users/dimsum/Library/Mobile Documents/com~apple~CloudDocs/projects/redteam/node_modules/express/lib/router/route.js:119:3)
    at Layer.handle [as handle_request] (/Users/dimsum/Library/Mobile Documents/com~apple~CloudDocs/projects/redteam/node_modules/express/lib/router/layer.js:95:5)
    at /Users/dimsum/Library/Mobile Documents/com~apple~CloudDocs/projects/redteam/node_modules/express/lib/router/index.js:284:15
    at Function.process_params (/Users/dimsum/Library/Mobile Documents/com~apple~CloudDocs/projects/redteam/node_modules/express/lib/router/index.js:346:12)
2025-01-08T16:47:11.192Z [ERROR]: Login error: Error: SQLITE_ERROR: no such table: users
--> in Database#get('SELECT * FROM users WHERE username = ?', [ 'admin' ], [Function (anonymous)])
    at user (/Users/dimsum/Library/Mobile Documents/com~apple~CloudDocs/projects/redteam/server/index.js:72:10)
    at new Promise (<anonymous>)
    at /Users/dimsum/Library/Mobile Documents/com~apple~CloudDocs/projects/redteam/server/index.js:71:24
    at Layer.handle [as handle_request] (/Users/dimsum/Library/Mobile Documents/com~apple~CloudDocs/projects/redteam/node_modules/express/lib/router/layer.js:95:5)
    at next (/Users/dimsum/Library/Mobile Documents/com~apple~CloudDocs/projects/redteam/node_modules/express/lib/router/route.js:149:13)
    at Route.dispatch (/Users/dimsum/Library/Mobile Documents/com~apple~CloudDocs/projects/redteam/node_modules/express/lib/router/route.js:119:3)
    at Layer.handle [as handle_request] (/Users/dimsum/Library/Mobile Documents/com~apple~CloudDocs/projects/redteam/node_modules/express/lib/router/layer.js:95:5)
    at /Users/dimsum/Library/Mobile Documents/com~apple~CloudDocs/projects/redteam/node_modules/express/lib/router/index.js:284:15
    at Function.process_params (/Users/dimsum/Library/Mobile Documents/com~apple~CloudDocs/projects/redteam/node_modules/express/lib/router/index.js:346:12)
2025-01-09T07:36:54.407Z [ERROR]: Unhandled error: TypeError: Cannot read properties of undefined (reading 'token')
    at authenticateToken (/Users/dimsum/Library/Mobile Documents/com~apple~CloudDocs/projects/redteam/server/index.js:275:29)
    at Layer.handle [as handle_request] (/Users/dimsum/Library/Mobile Documents/com~apple~CloudDocs/projects/redteam/node_modules/express/lib/router/layer.js:95:5)
    at next (/Users/dimsum/Library/Mobile Documents/com~apple~CloudDocs/projects/redteam/node_modules/express/lib/router/route.js:149:13)
    at Route.dispatch (/Users/dimsum/Library/Mobile Documents/com~apple~CloudDocs/projects/redteam/node_modules/express/lib/router/route.js:119:3)
    at Layer.handle [as handle_request] (/Users/dimsum/Library/Mobile Documents/com~apple~CloudDocs/projects/redteam/node_modules/express/lib/router/layer.js:95:5)
    at /Users/dimsum/Library/Mobile Documents/com~apple~CloudDocs/projects/redteam/node_modules/express/lib/router/index.js:284:15
    at Function.process_params (/Users/dimsum/Library/Mobile Documents/com~apple~CloudDocs/projects/redteam/node_modules/express/lib/router/index.js:346:12)
    at next (/Users/dimsum/Library/Mobile Documents/com~apple~CloudDocs/projects/redteam/node_modules/express/lib/router/index.js:280:10)
    at Function.handle (/Users/dimsum/Library/Mobile Documents/com~apple~CloudDocs/projects/redteam/node_modules/express/lib/router/index.js:175:3)
    at router (/Users/dimsum/Library/Mobile Documents/com~apple~CloudDocs/projects/redteam/node_modules/express/lib/router/index.js:47:12)
2025-01-09T07:36:54.478Z [ERROR]: Unhandled error: TypeError: Cannot read properties of undefined (reading 'token')
    at authenticateToken (/Users/dimsum/Library/Mobile Documents/com~apple~CloudDocs/projects/redteam/server/index.js:275:29)
    at Layer.handle [as handle_request] (/Users/dimsum/Library/Mobile Documents/com~apple~CloudDocs/projects/redteam/node_modules/express/lib/router/layer.js:95:5)
    at next (/Users/dimsum/Library/Mobile Documents/com~apple~CloudDocs/projects/redteam/node_modules/express/lib/router/route.js:149:13)
    at Route.dispatch (/Users/dimsum/Library/Mobile Documents/com~apple~CloudDocs/projects/redteam/node_modules/express/lib/router/route.js:119:3)
    at Layer.handle [as handle_request] (/Users/dimsum/Library/Mobile Documents/com~apple~CloudDocs/projects/redteam/node_modules/express/lib/router/layer.js:95:5)
    at /Users/dimsum/Library/Mobile Documents/com~apple~CloudDocs/projects/redteam/node_modules/express/lib/router/index.js:284:15
    at Function.process_params (/Users/dimsum/Library/Mobile Documents/com~apple~CloudDocs/projects/redteam/node_modules/express/lib/router/index.js:346:12)
    at next (/Users/dimsum/Library/Mobile Documents/com~apple~CloudDocs/projects/redteam/node_modules/express/lib/router/index.js:280:10)
    at Function.handle (/Users/dimsum/Library/Mobile Documents/com~apple~CloudDocs/projects/redteam/node_modules/express/lib/router/index.js:175:3)
    at router (/Users/dimsum/Library/Mobile Documents/com~apple~CloudDocs/projects/redteam/node_modules/express/lib/router/index.js:47:12)
2025-01-09T07:37:07.230Z [ERROR]: Unhandled error: TypeError: Cannot read properties of undefined (reading 'token')
    at authenticateToken (/Users/dimsum/Library/Mobile Documents/com~apple~CloudDocs/projects/redteam/server/index.js:275:29)
    at Layer.handle [as handle_request] (/Users/dimsum/Library/Mobile Documents/com~apple~CloudDocs/projects/redteam/node_modules/express/lib/router/layer.js:95:5)
    at next (/Users/dimsum/Library/Mobile Documents/com~apple~CloudDocs/projects/redteam/node_modules/express/lib/router/route.js:149:13)
    at Route.dispatch (/Users/dimsum/Library/Mobile Documents/com~apple~CloudDocs/projects/redteam/node_modules/express/lib/router/route.js:119:3)
    at Layer.handle [as handle_request] (/Users/dimsum/Library/Mobile Documents/com~apple~CloudDocs/projects/redteam/node_modules/express/lib/router/layer.js:95:5)
    at /Users/dimsum/Library/Mobile Documents/com~apple~CloudDocs/projects/redteam/node_modules/express/lib/router/index.js:284:15
    at Function.process_params (/Users/dimsum/Library/Mobile Documents/com~apple~CloudDocs/projects/redteam/node_modules/express/lib/router/index.js:346:12)
    at next (/Users/dimsum/Library/Mobile Documents/com~apple~CloudDocs/projects/redteam/node_modules/express/lib/router/index.js:280:10)
    at Function.handle (/Users/dimsum/Library/Mobile Documents/com~apple~CloudDocs/projects/redteam/node_modules/express/lib/router/index.js:175:3)
    at router (/Users/dimsum/Library/Mobile Documents/com~apple~CloudDocs/projects/redteam/node_modules/express/lib/router/index.js:47:12)
2025-01-09T07:40:17.576Z [ERROR]: Unhandled error: TypeError: Cannot read properties of undefined (reading 'token')
    at authenticateToken (/Users/dimsum/Library/Mobile Documents/com~apple~CloudDocs/projects/redteam/server/index.js:275:29)
    at Layer.handle [as handle_request] (/Users/dimsum/Library/Mobile Documents/com~apple~CloudDocs/projects/redteam/node_modules/express/lib/router/layer.js:95:5)
    at next (/Users/dimsum/Library/Mobile Documents/com~apple~CloudDocs/projects/redteam/node_modules/express/lib/router/route.js:149:13)
    at Route.dispatch (/Users/dimsum/Library/Mobile Documents/com~apple~CloudDocs/projects/redteam/node_modules/express/lib/router/route.js:119:3)
    at Layer.handle [as handle_request] (/Users/dimsum/Library/Mobile Documents/com~apple~CloudDocs/projects/redteam/node_modules/express/lib/router/layer.js:95:5)
    at /Users/dimsum/Library/Mobile Documents/com~apple~CloudDocs/projects/redteam/node_modules/express/lib/router/index.js:284:15
    at Function.process_params (/Users/dimsum/Library/Mobile Documents/com~apple~CloudDocs/projects/redteam/node_modules/express/lib/router/index.js:346:12)
    at next (/Users/dimsum/Library/Mobile Documents/com~apple~CloudDocs/projects/redteam/node_modules/express/lib/router/index.js:280:10)
    at Function.handle (/Users/dimsum/Library/Mobile Documents/com~apple~CloudDocs/projects/redteam/node_modules/express/lib/router/index.js:175:3)
    at router (/Users/dimsum/Library/Mobile Documents/com~apple~CloudDocs/projects/redteam/node_modules/express/lib/router/index.js:47:12)
2025-01-09T07:40:17.645Z [ERROR]: Unhandled error: TypeError: Cannot read properties of undefined (reading 'token')
    at authenticateToken (/Users/dimsum/Library/Mobile Documents/com~apple~CloudDocs/projects/redteam/server/index.js:275:29)
    at Layer.handle [as handle_request] (/Users/dimsum/Library/Mobile Documents/com~apple~CloudDocs/projects/redteam/node_modules/express/lib/router/layer.js:95:5)
    at next (/Users/dimsum/Library/Mobile Documents/com~apple~CloudDocs/projects/redteam/node_modules/express/lib/router/route.js:149:13)
    at Route.dispatch (/Users/dimsum/Library/Mobile Documents/com~apple~CloudDocs/projects/redteam/node_modules/express/lib/router/route.js:119:3)
    at Layer.handle [as handle_request] (/Users/dimsum/Library/Mobile Documents/com~apple~CloudDocs/projects/redteam/node_modules/express/lib/router/layer.js:95:5)
    at /Users/dimsum/Library/Mobile Documents/com~apple~CloudDocs/projects/redteam/node_modules/express/lib/router/index.js:284:15
    at Function.process_params (/Users/dimsum/Library/Mobile Documents/com~apple~CloudDocs/projects/redteam/node_modules/express/lib/router/index.js:346:12)
    at next (/Users/dimsum/Library/Mobile Documents/com~apple~CloudDocs/projects/redteam/node_modules/express/lib/router/index.js:280:10)
    at Function.handle (/Users/dimsum/Library/Mobile Documents/com~apple~CloudDocs/projects/redteam/node_modules/express/lib/router/index.js:175:3)
    at router (/Users/dimsum/Library/Mobile Documents/com~apple~CloudDocs/projects/redteam/node_modules/express/lib/router/index.js:47:12)
2025-01-09T07:40:17.785Z [ERROR]: Unhandled error: TypeError: Cannot read properties of undefined (reading 'token')
    at authenticateToken (/Users/dimsum/Library/Mobile Documents/com~apple~CloudDocs/projects/redteam/server/index.js:275:29)
    at Layer.handle [as handle_request] (/Users/dimsum/Library/Mobile Documents/com~apple~CloudDocs/projects/redteam/node_modules/express/lib/router/layer.js:95:5)
    at next (/Users/dimsum/Library/Mobile Documents/com~apple~CloudDocs/projects/redteam/node_modules/express/lib/router/route.js:149:13)
    at Route.dispatch (/Users/dimsum/Library/Mobile Documents/com~apple~CloudDocs/projects/redteam/node_modules/express/lib/router/route.js:119:3)
    at Layer.handle [as handle_request] (/Users/dimsum/Library/Mobile Documents/com~apple~CloudDocs/projects/redteam/node_modules/express/lib/router/layer.js:95:5)
    at /Users/dimsum/Library/Mobile Documents/com~apple~CloudDocs/projects/redteam/node_modules/express/lib/router/index.js:284:15
    at Function.process_params (/Users/dimsum/Library/Mobile Documents/com~apple~CloudDocs/projects/redteam/node_modules/express/lib/router/index.js:346:12)
    at next (/Users/dimsum/Library/Mobile Documents/com~apple~CloudDocs/projects/redteam/node_modules/express/lib/router/index.js:280:10)
    at Function.handle (/Users/dimsum/Library/Mobile Documents/com~apple~CloudDocs/projects/redteam/node_modules/express/lib/router/index.js:175:3)
    at router (/Users/dimsum/Library/Mobile Documents/com~apple~CloudDocs/projects/redteam/node_modules/express/lib/router/index.js:47:12)
2025-01-09T07:40:35.966Z [ERROR]: Unhandled error: TypeError: Cannot read properties of undefined (reading 'token')
    at authenticateToken (/Users/dimsum/Library/Mobile Documents/com~apple~CloudDocs/projects/redteam/server/index.js:275:29)
    at Layer.handle [as handle_request] (/Users/dimsum/Library/Mobile Documents/com~apple~CloudDocs/projects/redteam/node_modules/express/lib/router/layer.js:95:5)
    at next (/Users/dimsum/Library/Mobile Documents/com~apple~CloudDocs/projects/redteam/node_modules/express/lib/router/route.js:149:13)
    at Route.dispatch (/Users/dimsum/Library/Mobile Documents/com~apple~CloudDocs/projects/redteam/node_modules/express/lib/router/route.js:119:3)
    at Layer.handle [as handle_request] (/Users/dimsum/Library/Mobile Documents/com~apple~CloudDocs/projects/redteam/node_modules/express/lib/router/layer.js:95:5)
    at /Users/dimsum/Library/Mobile Documents/com~apple~CloudDocs/projects/redteam/node_modules/express/lib/router/index.js:284:15
    at Function.process_params (/Users/dimsum/Library/Mobile Documents/com~apple~CloudDocs/projects/redteam/node_modules/express/lib/router/index.js:346:12)
    at next (/Users/dimsum/Library/Mobile Documents/com~apple~CloudDocs/projects/redteam/node_modules/express/lib/router/index.js:280:10)
    at Function.handle (/Users/dimsum/Library/Mobile Documents/com~apple~CloudDocs/projects/redteam/node_modules/express/lib/router/index.js:175:3)
    at router (/Users/dimsum/Library/Mobile Documents/com~apple~CloudDocs/projects/redteam/node_modules/express/lib/router/index.js:47:12)
2025-01-09T08:23:23.076Z [ERROR]: Unhandled error: TypeError: Cannot read properties of undefined (reading 'token')
    at authenticateToken (/Users/dimsum/Library/Mobile Documents/com~apple~CloudDocs/projects/redteam/server/index.js:275:29)
    at Layer.handle [as handle_request] (/Users/dimsum/Library/Mobile Documents/com~apple~CloudDocs/projects/redteam/node_modules/express/lib/router/layer.js:95:5)
    at next (/Users/dimsum/Library/Mobile Documents/com~apple~CloudDocs/projects/redteam/node_modules/express/lib/router/route.js:149:13)
    at Route.dispatch (/Users/dimsum/Library/Mobile Documents/com~apple~CloudDocs/projects/redteam/node_modules/express/lib/router/route.js:119:3)
    at Layer.handle [as handle_request] (/Users/dimsum/Library/Mobile Documents/com~apple~CloudDocs/projects/redteam/node_modules/express/lib/router/layer.js:95:5)
    at /Users/dimsum/Library/Mobile Documents/com~apple~CloudDocs/projects/redteam/node_modules/express/lib/router/index.js:284:15
    at Function.process_params (/Users/dimsum/Library/Mobile Documents/com~apple~CloudDocs/projects/redteam/node_modules/express/lib/router/index.js:346:12)
    at next (/Users/dimsum/Library/Mobile Documents/com~apple~CloudDocs/projects/redteam/node_modules/express/lib/router/index.js:280:10)
    at Function.handle (/Users/dimsum/Library/Mobile Documents/com~apple~CloudDocs/projects/redteam/node_modules/express/lib/router/index.js:175:3)
    at router (/Users/dimsum/Library/Mobile Documents/com~apple~CloudDocs/projects/redteam/node_modules/express/lib/router/index.js:47:12)
2025-01-09T08:23:23.156Z [ERROR]: Unhandled error: TypeError: Cannot read properties of undefined (reading 'token')
    at authenticateToken (/Users/dimsum/Library/Mobile Documents/com~apple~CloudDocs/projects/redteam/server/index.js:275:29)
    at Layer.handle [as handle_request] (/Users/dimsum/Library/Mobile Documents/com~apple~CloudDocs/projects/redteam/node_modules/express/lib/router/layer.js:95:5)
    at next (/Users/dimsum/Library/Mobile Documents/com~apple~CloudDocs/projects/redteam/node_modules/express/lib/router/route.js:149:13)
    at Route.dispatch (/Users/dimsum/Library/Mobile Documents/com~apple~CloudDocs/projects/redteam/node_modules/express/lib/router/route.js:119:3)
    at Layer.handle [as handle_request] (/Users/dimsum/Library/Mobile Documents/com~apple~CloudDocs/projects/redteam/node_modules/express/lib/router/layer.js:95:5)
    at /Users/dimsum/Library/Mobile Documents/com~apple~CloudDocs/projects/redteam/node_modules/express/lib/router/index.js:284:15
    at Function.process_params (/Users/dimsum/Library/Mobile Documents/com~apple~CloudDocs/projects/redteam/node_modules/express/lib/router/index.js:346:12)
    at next (/Users/dimsum/Library/Mobile Documents/com~apple~CloudDocs/projects/redteam/node_modules/express/lib/router/index.js:280:10)
    at Function.handle (/Users/dimsum/Library/Mobile Documents/com~apple~CloudDocs/projects/redteam/node_modules/express/lib/router/index.js:175:3)
    at router (/Users/dimsum/Library/Mobile Documents/com~apple~CloudDocs/projects/redteam/node_modules/express/lib/router/index.js:47:12)
2025-01-10T09:32:58.602Z [ERROR]: Login error: Error: SQLITE_ERROR: no such table: users
--> in Database#get('SELECT * FROM users WHERE username = ?', [ 'admin' ], [Function (anonymous)])
    at user (/Users/dimsum/Library/Mobile Documents/com~apple~CloudDocs/projects/redteam/server/index.js:76:10)
    at new Promise (<anonymous>)
    at /Users/dimsum/Library/Mobile Documents/com~apple~CloudDocs/projects/redteam/server/index.js:75:24
    at Layer.handle [as handle_request] (/Users/dimsum/Library/Mobile Documents/com~apple~CloudDocs/projects/redteam/node_modules/express/lib/router/layer.js:95:5)
    at next (/Users/dimsum/Library/Mobile Documents/com~apple~CloudDocs/projects/redteam/node_modules/express/lib/router/route.js:149:13)
    at Route.dispatch (/Users/dimsum/Library/Mobile Documents/com~apple~CloudDocs/projects/redteam/node_modules/express/lib/router/route.js:119:3)
    at Layer.handle [as handle_request] (/Users/dimsum/Library/Mobile Documents/com~apple~CloudDocs/projects/redteam/node_modules/express/lib/router/layer.js:95:5)
    at /Users/dimsum/Library/Mobile Documents/com~apple~CloudDocs/projects/redteam/node_modules/express/lib/router/index.js:284:15
    at Function.process_params (/Users/dimsum/Library/Mobile Documents/com~apple~CloudDocs/projects/redteam/node_modules/express/lib/router/index.js:346:12)
2025-01-10T09:33:02.978Z [ERROR]: Login error: Error: SQLITE_ERROR: no such table: users
--> in Database#get('SELECT * FROM users WHERE username = ?', [ 'admin' ], [Function (anonymous)])
    at user (/Users/dimsum/Library/Mobile Documents/com~apple~CloudDocs/projects/redteam/server/index.js:76:10)
    at new Promise (<anonymous>)
    at /Users/dimsum/Library/Mobile Documents/com~apple~CloudDocs/projects/redteam/server/index.js:75:24
    at Layer.handle [as handle_request] (/Users/dimsum/Library/Mobile Documents/com~apple~CloudDocs/projects/redteam/node_modules/express/lib/router/layer.js:95:5)
    at next (/Users/dimsum/Library/Mobile Documents/com~apple~CloudDocs/projects/redteam/node_modules/express/lib/router/route.js:149:13)
    at Route.dispatch (/Users/dimsum/Library/Mobile Documents/com~apple~CloudDocs/projects/redteam/node_modules/express/lib/router/route.js:119:3)
    at Layer.handle [as handle_request] (/Users/dimsum/Library/Mobile Documents/com~apple~CloudDocs/projects/redteam/node_modules/express/lib/router/layer.js:95:5)
    at /Users/dimsum/Library/Mobile Documents/com~apple~CloudDocs/projects/redteam/node_modules/express/lib/router/index.js:284:15
    at Function.process_params (/Users/dimsum/Library/Mobile Documents/com~apple~CloudDocs/projects/redteam/node_modules/express/lib/router/index.js:346:12)
2025-01-10T09:33:07.165Z [ERROR]: Login error: Error: SQLITE_ERROR: no such table: users
--> in Database#get('SELECT * FROM users WHERE username = ?', [ 'admin' ], [Function (anonymous)])
    at user (/Users/dimsum/Library/Mobile Documents/com~apple~CloudDocs/projects/redteam/server/index.js:76:10)
    at new Promise (<anonymous>)
    at /Users/dimsum/Library/Mobile Documents/com~apple~CloudDocs/projects/redteam/server/index.js:75:24
    at Layer.handle [as handle_request] (/Users/dimsum/Library/Mobile Documents/com~apple~CloudDocs/projects/redteam/node_modules/express/lib/router/layer.js:95:5)
    at next (/Users/dimsum/Library/Mobile Documents/com~apple~CloudDocs/projects/redteam/node_modules/express/lib/router/route.js:149:13)
    at Route.dispatch (/Users/dimsum/Library/Mobile Documents/com~apple~CloudDocs/projects/redteam/node_modules/express/lib/router/route.js:119:3)
    at Layer.handle [as handle_request] (/Users/dimsum/Library/Mobile Documents/com~apple~CloudDocs/projects/redteam/node_modules/express/lib/router/layer.js:95:5)
    at /Users/dimsum/Library/Mobile Documents/com~apple~CloudDocs/projects/redteam/node_modules/express/lib/router/index.js:284:15
    at Function.process_params (/Users/dimsum/Library/Mobile Documents/com~apple~CloudDocs/projects/redteam/node_modules/express/lib/router/index.js:346:12)
